2018年 10月 17日 星期三 11:50:40 CST
cat   student   all

2018年 10月 17日 星期三 12:46:48 CST
cat   student   all

2018年 10月 17日 星期三 12:46:49 CST
cat   student   all

2018年 10月 17日 星期三 12:46:56 CST
cat  student  1

2018年 10月 17日 星期三 12:47:09 CST
add  student  4

2018年 10月 17日 星期三 12:47:45 CST
cat   student   all

2018年 10月 17日 星期三 12:48:00 CST
cat   Class   all

2018年 10月 17日 星期三 12:49:06 CST
cat   Class   all

2018年 10月 17日 星期三 12:49:24 CST
alter   class  1

2018年 10月 17日 星期三 12:49:42 CST
cat   Class   all

2018年 10月 17日 星期三 12:51:02 CST
cat   student   all

2018年 10月 17日 星期三 12:51:20 CST
alter  student  4

2018年 10月 17日 星期三 12:51:44 CST
cat   student   all

2018年 10月 17日 星期三 12:53:58 CST
cat   student   all

2018年 10月 17日 星期三 12:54:27 CST
alter  student  2

2018年 10月 17日 星期三 12:54:45 CST
cat   student   all

2018年 10月 17日 星期三 12:55:12 CST
cat   Class   all

2018年 10月 17日 星期三 12:55:21 CST
cat   class   4

2018年 10月 17日 星期三 15:00:12 CST
cat   student   all

2018年 10月 17日 星期三 15:00:24 CST
alter  student  1

2018年 10月 17日 星期三 15:00:44 CST
cat   student   all

